2024-03-17T05:47:32.018Z info: Registration Mail send successfully to: gorkha@gmail.com
2024-03-17T05:52:10.045Z error: Error occurred: TypeError: Cannot read properties of null (reading 'password')
2024-03-17T05:52:37.661Z info: Logged In successfully: amgainaditya@gmail.com
2024-03-17T08:52:59.913Z info: Logged In successfully: amgainaditya@gmail.com
2024-03-18T16:04:25.123Z info: Registration Mail send successfully to: amgainaditya@gmail.com
2024-03-18T16:17:35.449Z info: Verification Mail send successfully to: amgainaditya@gmail.com
2024-03-18T16:19:24.868Z info: Verification Mail send successfully to: amgainaditya@gmail.com
2024-03-18T16:21:47.354Z info: Verification Mail send successfully to: amgainaditya@gmail.com
2024-03-18T16:55:45.650Z info: Verification Mail send successfully to: amgainaditya@gmail.com
2024-03-18T17:12:42.794Z info: Verification Mail send successfully to: amgainaditya@gmail.com
2024-03-18T17:14:19.973Z info: Verification Mail send successfully to: amgainaditya@gmail.com
2024-03-18T17:16:36.374Z info: Verification Mail send successfully to: amgainaditya@gmail.com
2024-03-18T17:17:26.387Z info: Verification Mail send successfully to: amgainaditya@gmail.com
2024-03-19T04:26:45.786Z info: Logged In successfully: amgainaditya@gmail.com
2024-03-19T04:45:11.748Z info: Logged In successfully: amgainaditya@gmail.com
2024-03-20T03:58:48.123Z info: Verification Mail send successfully to: amgainaditya@gmail.com
2024-03-20T04:01:46.937Z info: Verification Mail send successfully to: amgainaditya@gmail.com
2024-03-20T04:17:31.467Z info: Verification Mail send successfully to: amgainaditya@gmail.com
2024-03-20T04:18:51.198Z info: Verification Mail send successfully to: amgainaditya@gmail.com
2024-03-20T04:20:51.702Z info: Verification Mail send successfully to: amgainaditya@gmail.com
2024-03-20T04:39:44.160Z info: Verification Mail send successfully to: amgainaditya@gmail.com
